<?xml version="1.0" encoding="UTF-8"?>
<testng-results total="1" passed="1" failed="0" skipped="0">
  <reporter-output>
  </reporter-output>
  <suite started-at="2020-09-28T09:40:25Z" name="Default suite" finished-at="2020-09-28T09:41:15Z" duration-ms="49185">
    <groups>
    </groups>
    <test started-at="2020-09-28T09:40:25Z" name="Default test" finished-at="2020-09-28T09:41:15Z" duration-ms="49185">
      <class name="practise.AppiumFramework.ApiDemoTest">
        <test-method signature="apiDemoTest()[pri:0, instance:practise.AppiumFramework.ApiDemoTest@6c6cb480]" started-at="2020-09-28T19:40:25Z" name="apiDemoTest" finished-at="2020-09-28T19:41:15Z" duration-ms="49161" status="PASS">
          <reporter-output>
          </reporter-output>
        </test-method> <!-- apiDemoTest -->
      </class> <!-- practise.AppiumFramework.ApiDemoTest -->
    </test> <!-- Default test -->
  </suite> <!-- Default suite -->
</testng-results>
